<?xml version="1.0" encoding="UTF-8"?>
<!-- Generated by org.testng.reporters.JUnitXMLReporter -->
<testsuite ignored="3" hostname="MSI" failures="0" tests="3" name="ClassATest" time="0.054" errors="0" timestamp="2023-11-25T11:20:17 IST">
  <testcase classname="DemoPackageGroup1.ClassA" name="MethodA" time="0.006"/>
  <testcase classname="DemoPackageGroup1.ClassA" name="MethodB" time="0.002"/>
  <testcase classname="DemoPackageGroup2.ClassA" name="MethodA" time="0.002"/>
  <testcase classname="DemoPackageGroup2.ClassA" name="MethodC" time="0.0">
    <ignored/>
  </testcase> <!-- MethodC -->
  <testcase classname="DemoPackageGroup1.ClassA" name="MethodC" time="0.0">
    <ignored/>
  </testcase> <!-- MethodC -->
  <testcase classname="DemoPackageGroup2.ClassA" name="MethodB" time="0.0">
    <ignored/>
  </testcase> <!-- MethodB -->
</testsuite> <!-- ClassATest -->
