<?xml version="1.0" encoding="UTF-8"?>
<!-- Generated by org.testng.reporters.JUnitXMLReporter -->
<testsuite ignored="3" hostname="MSI" failures="0" tests="3" name="ClassBTest" time="0.011" errors="0" timestamp="2023-11-25T11:20:17 IST">
  <testcase classname="DemoPackageGroup1.ClassB" name="MethodA" time="0.002"/>
  <testcase classname="DemoPackageGroup1.ClassB" name="MethodB" time="0.001"/>
  <testcase classname="DemoPackageGroup1.ClassB" name="MethodC" time="0.001"/>
  <testcase classname="DemoPackageGroup2.ClassB" name="MethodA" time="0.0">
    <ignored/>
  </testcase> <!-- MethodA -->
  <testcase classname="DemoPackageGroup2.ClassB" name="MethodB" time="0.0">
    <ignored/>
  </testcase> <!-- MethodB -->
  <testcase classname="DemoPackageGroup2.ClassB" name="MethodC" time="0.0">
    <ignored/>
  </testcase> <!-- MethodC -->
</testsuite> <!-- ClassBTest -->
