<?xml version="1.0" encoding="UTF-8"?>
<!-- Generated by org.testng.reporters.JUnitXMLReporter -->
<testsuite ignored="5" hostname="MSI" failures="0" tests="1" name="ClassCTest" time="0.003" errors="0" timestamp="2023-11-25T11:20:17 IST">
  <testcase classname="DemoPackageGroup1.ClassC" name="MethodB" time="0.001"/>
  <testcase classname="DemoPackageGroup1.ClassC" name="MethodC" time="0.0">
    <ignored/>
  </testcase> <!-- MethodC -->
  <testcase classname="DemoPackageGroup1.ClassC" name="MethodA" time="0.0">
    <ignored/>
  </testcase> <!-- MethodA -->
  <testcase classname="DemoPackageGroup2.ClassC" name="MethodA" time="0.0">
    <ignored/>
  </testcase> <!-- MethodA -->
  <testcase classname="DemoPackageGroup2.ClassC" name="MethodC" time="0.0">
    <ignored/>
  </testcase> <!-- MethodC -->
  <testcase classname="DemoPackageGroup2.ClassC" name="MethodB" time="0.0">
    <ignored/>
  </testcase> <!-- MethodB -->
</testsuite> <!-- ClassCTest -->
